<?xml version="1.0" encoding="UTF-8"?>
<testng-results ignored="3" total="4" passed="0" failed="1" skipped="0">
  <reporter-output>
  </reporter-output>
  <suite started-at="2022-09-06T08:09:34Z" name="Default suite" finished-at="2022-09-06T08:09:44Z" duration-ms="10186">
    <groups>
    </groups>
    <test started-at="2022-09-06T08:09:34Z" name="Default test" finished-at="2022-09-06T08:09:44Z" duration-ms="10186">
      <class name="org.test.baseMain">
        <test-method is-config="true" signature="beforeClass()[pri:0, instance:org.test.baseMain@2767e23c]" started-at="2022-09-06T08:09:34Z" name="beforeClass" finished-at="2022-09-06T08:09:35Z" duration-ms="1020" status="PASS">
          <reporter-output>
          </reporter-output>
        </test-method> <!-- beforeClass -->
        <test-method signature="test3()[pri:0, instance:org.test.baseMain@2767e23c]" started-at="2022-09-06T08:09:35Z" name="test3" finished-at="2022-09-06T08:09:44Z" duration-ms="8932" status="FAIL">
          <exception class="java.lang.ClassCastException">
            <message>
              <![CDATA[class org.openqa.selenium.remote.RemoteWebElement cannot be cast to class java.lang.Comparable (org.openqa.selenium.remote.RemoteWebElement is in unnamed module of loader 'app'; java.lang.Comparable is in module java.base of loader 'bootstrap')]]>
            </message>
            <full-stacktrace>
              <![CDATA[java.lang.ClassCastException: class org.openqa.selenium.remote.RemoteWebElement cannot be cast to class java.lang.Comparable (org.openqa.selenium.remote.RemoteWebElement is in unnamed module of loader 'app'; java.lang.Comparable is in module java.base of loader 'bootstrap')
at java.base/java.util.TreeMap.compare(TreeMap.java:1569)
at java.base/java.util.TreeMap.addEntryToEmptyMap(TreeMap.java:776)
at java.base/java.util.TreeMap.put(TreeMap.java:785)
at java.base/java.util.TreeMap.put(TreeMap.java:534)
at java.base/java.util.TreeSet.add(TreeSet.java:255)
at java.base/java.util.AbstractCollection.addAll(AbstractCollection.java:336)
at java.base/java.util.TreeSet.addAll(TreeSet.java:309)
at org.test.baseMain.test3(baseMain.java:73)
at java.base/jdk.internal.reflect.DirectMethodHandleAccessor.invoke(DirectMethodHandleAccessor.java:104)
at java.base/java.lang.reflect.Method.invoke(Method.java:577)
at org.testng.internal.MethodInvocationHelper.invokeMethod(MethodInvocationHelper.java:124)
at org.testng.internal.Invoker.invokeMethod(Invoker.java:583)
at org.testng.internal.Invoker.invokeTestMethod(Invoker.java:719)
at org.testng.internal.Invoker.invokeTestMethods(Invoker.java:989)
at org.testng.internal.TestMethodWorker.invokeTestMethods(TestMethodWorker.java:125)
at org.testng.internal.TestMethodWorker.run(TestMethodWorker.java:109)
at org.testng.TestRunner.privateRun(TestRunner.java:648)
at org.testng.TestRunner.run(TestRunner.java:505)
at org.testng.SuiteRunner.runTest(SuiteRunner.java:455)
at org.testng.SuiteRunner.runSequentially(SuiteRunner.java:450)
at org.testng.SuiteRunner.privateRun(SuiteRunner.java:415)
at org.testng.SuiteRunner.run(SuiteRunner.java:364)
at org.testng.SuiteRunnerWorker.runSuite(SuiteRunnerWorker.java:52)
at org.testng.SuiteRunnerWorker.run(SuiteRunnerWorker.java:84)
at org.testng.TestNG.runSuitesSequentially(TestNG.java:1208)
at org.testng.TestNG.runSuitesLocally(TestNG.java:1137)
at org.testng.TestNG.runSuites(TestNG.java:1049)
at org.testng.TestNG.run(TestNG.java:1017)
at org.testng.remote.AbstractRemoteTestNG.run(AbstractRemoteTestNG.java:115)
at org.testng.remote.RemoteTestNG.initAndRun(RemoteTestNG.java:251)
at org.testng.remote.RemoteTestNG.main(RemoteTestNG.java:77)
]]>
            </full-stacktrace>
          </exception> <!-- java.lang.ClassCastException -->
          <reporter-output>
          </reporter-output>
        </test-method> <!-- test3 -->
        <test-method is-config="true" signature="afterClass()[pri:0, instance:org.test.baseMain@2767e23c]" started-at="2022-09-06T08:09:44Z" name="afterClass" finished-at="2022-09-06T08:09:44Z" duration-ms="214" status="PASS">
          <reporter-output>
          </reporter-output>
        </test-method> <!-- afterClass -->
      </class> <!-- org.test.baseMain -->
    </test> <!-- Default test -->
  </suite> <!-- Default suite -->
</testng-results>
